0 info it worked if it ends with ok
1 verbose cli [ 'node', '/usr/local/bin/npm', 'install', 'bodyParser' ]
2 info using npm@2.0.2
3 info using node@v0.10.31
4 verbose node symlink /usr/local/bin/node
5 warn package.json nodejs@0.0.0 No description
6 warn package.json nodejs@0.0.0 No repository field.
7 warn package.json nodejs@0.0.0 No README data
8 verbose cache add [ 'bodyParser', null ]
9 verbose cache add spec="bodyParser" args=["bodyParser",null]
10 verbose parsed spec { raw: 'bodyParser',
10 verbose parsed spec   scope: null,
10 verbose parsed spec   name: 'bodyParser',
10 verbose parsed spec   rawSpec: '',
10 verbose parsed spec   spec: '*',
10 verbose parsed spec   type: 'range' }
11 verbose parsed spec { raw: 'bodyParser',
11 verbose parsed spec   scope: null,
11 verbose parsed spec   name: 'bodyParser',
11 verbose parsed spec   rawSpec: '',
11 verbose parsed spec   spec: '*',
11 verbose parsed spec   type: 'range' }
12 verbose addNamed [ 'bodyParser', '*' ]
13 verbose addNamed [ null, '*' ]
14 silly lockFile f371707b-bodyParser bodyParser@*
15 verbose lock bodyParser@* /Users/rfox2/.npm/f371707b-bodyParser.lock
16 silly addNameRange { name: 'bodyParser', range: '*', hasData: false }
17 verbose mapToRegistry name bodyParser
18 verbose mapToRegistry uri https://registry.npmjs.org/bodyParser
19 verbose request on initialization, where is /bodyParser
20 verbose request after pass 1, where is /bodyParser
21 verbose request url raw /bodyParser
22 verbose request resolving registry [ 'https://registry.npmjs.org/', './bodyParser' ]
23 verbose request after pass 2, where is https://registry.npmjs.org/bodyParser
24 verbose request no auth needed
25 info attempt registry request try #1 at 11:51:05
26 verbose request id fa8a7fc7a8165757
27 http request GET https://registry.npmjs.org/bodyParser
28 http 404 https://registry.npmjs.org/bodyParser
29 verbose headers { date: 'Wed, 01 Apr 2015 16:51:03 GMT',
29 verbose headers   server: 'CouchDB/1.5.0 (Erlang OTP/R16B03)',
29 verbose headers   'content-type': 'application/json',
29 verbose headers   'cache-control': 'max-age=0',
29 verbose headers   'content-length': '51',
29 verbose headers   'accept-ranges': 'bytes',
29 verbose headers   via: '1.1 varnish',
29 verbose headers   age: '0',
29 verbose headers   'x-served-by': 'cache-dfw1821-DFW',
29 verbose headers   'x-cache': 'MISS',
29 verbose headers   'x-cache-hits': '0',
29 verbose headers   'x-timer': 'S1427907063.292606,VS0,VE48',
29 verbose headers   'keep-alive': 'timeout=10, max=50',
29 verbose headers   connection: 'Keep-Alive' }
30 silly registry.get cb [ 404,
30 silly registry.get   { date: 'Wed, 01 Apr 2015 16:51:03 GMT',
30 silly registry.get     server: 'CouchDB/1.5.0 (Erlang OTP/R16B03)',
30 silly registry.get     'content-type': 'application/json',
30 silly registry.get     'cache-control': 'max-age=0',
30 silly registry.get     'content-length': '51',
30 silly registry.get     'accept-ranges': 'bytes',
30 silly registry.get     via: '1.1 varnish',
30 silly registry.get     age: '0',
30 silly registry.get     'x-served-by': 'cache-dfw1821-DFW',
30 silly registry.get     'x-cache': 'MISS',
30 silly registry.get     'x-cache-hits': '0',
30 silly registry.get     'x-timer': 'S1427907063.292606,VS0,VE48',
30 silly registry.get     'keep-alive': 'timeout=10, max=50',
30 silly registry.get     connection: 'Keep-Alive' } ]
31 silly lockFile f371707b-bodyParser bodyParser@*
32 silly lockFile f371707b-bodyParser bodyParser@*
33 verbose stack Error: 404 Not Found: bodyParser
33 verbose stack     at RegClient.<anonymous> (/usr/local/lib/node_modules/npm/node_modules/npm-registry-client/lib/request.js:258:14)
33 verbose stack     at Request._callback (/usr/local/lib/node_modules/npm/node_modules/npm-registry-client/lib/request.js:197:65)
33 verbose stack     at Request.self.callback (/usr/local/lib/node_modules/npm/node_modules/request/request.js:237:22)
33 verbose stack     at Request.emit (events.js:98:17)
33 verbose stack     at Request.<anonymous> (/usr/local/lib/node_modules/npm/node_modules/request/request.js:1146:14)
33 verbose stack     at Request.emit (events.js:117:20)
33 verbose stack     at IncomingMessage.<anonymous> (/usr/local/lib/node_modules/npm/node_modules/request/request.js:1097:12)
33 verbose stack     at IncomingMessage.emit (events.js:117:20)
33 verbose stack     at _stream_readable.js:943:16
33 verbose stack     at process._tickCallback (node.js:419:13)
34 verbose statusCode 404
35 verbose pkgid bodyParser
36 verbose cwd /Users/rfox2/Documents/websites/react-demo
37 error Darwin 12.6.0
38 error argv "node" "/usr/local/bin/npm" "install" "bodyParser"
39 error node v0.10.31
40 error npm  v2.0.2
41 error code E404
42 error 404 Not Found: bodyParser
42 error 404
42 error 404 'bodyParser' is not in the npm registry.
42 error 404 You should bug the author to publish it (or use the name yourself!)
42 error 404
42 error 404 Note that you can also install from a
42 error 404 tarball, folder, http url, or git url.
43 verbose exit [ 1, true ]
